<?xml version="1.0" encoding="UTF-8"?>
<!-- Generated by org.testng.reporters.JUnitXMLReporter -->
<testsuite ignored="0" hostname="DESKTOP-B9BAO55" failures="1" tests="17" name="Surefire test" time="22.332" errors="0" timestamp="2024-10-14T17:09:41 EET">
  <testcase classname="UserTest.GetUserTests" name="@BeforeClass Precondition" time="0.727">
    <failure type="java.lang.AssertionError" message="1 expectation failed.
Expected status code &amp;lt;201&amp;gt; but was &amp;lt;422&amp;gt;.
">
      <![CDATA[java.lang.AssertionError: 1 expectation failed.
Expected status code <201> but was <422>.

at org.codehaus.groovy.runtime.callsite.ConstructorSite$ConstructorSiteNoUnwrapNoCoerce.callConstructor(ConstructorSite.java:108)
at org.codehaus.groovy.runtime.callsite.AbstractCallSite.callConstructor(AbstractCallSite.java:277)
at io.restassured.internal.ResponseSpecificationImpl$HamcrestAssertionClosure.validate(ResponseSpecificationImpl.groovy:512)
at io.restassured.internal.ResponseSpecificationImpl$HamcrestAssertionClosure$validate$1.call(Unknown Source)
at io.restassured.internal.ResponseSpecificationImpl.validateResponseIfRequired(ResponseSpecificationImpl.groovy:696)
at io.restassured.internal.ResponseSpecificationImpl.this$2$validateResponseIfRequired(ResponseSpecificationImpl.groovy)
at org.codehaus.groovy.runtime.callsite.PlainObjectMetaMethodSite.doInvoke(PlainObjectMetaMethodSite.java:43)
at org.codehaus.groovy.runtime.callsite.PogoMetaMethodSite$PogoCachedMethodSiteNoUnwrapNoCoerce.invoke(PogoMetaMethodSite.java:198)
at org.codehaus.groovy.runtime.callsite.PogoMetaMethodSite.callCurrent(PogoMetaMethodSite.java:62)
at org.codehaus.groovy.runtime.callsite.AbstractCallSite.callCurrent(AbstractCallSite.java:185)
at io.restassured.internal.ResponseSpecificationImpl.statusCode(ResponseSpecificationImpl.groovy:135)
at io.restassured.specification.ResponseSpecification$statusCode$0.callCurrent(Unknown Source)
at io.restassured.internal.ResponseSpecificationImpl.statusCode(ResponseSpecificationImpl.groovy:143)
at io.restassured.internal.ValidatableResponseOptionsImpl.statusCode(ValidatableResponseOptionsImpl.java:89)
at Requests.UserRequest.CreateUser(UserRequest.java:22)
at UserTest.GetUserTests.Precondition(GetUserTests.java:41)
at java.base/java.util.ArrayList.forEach(ArrayList.java:1511)
... Removed 34 stack frames]]>
    </failure>
  </testcase> <!-- @BeforeClass Precondition -->
  <testcase classname="UserTest.GetUserTests" name="@AfterClass teardown" time="0.0">
    <skipped/>
  </testcase> <!-- @AfterClass teardown -->
  <testcase classname="PostTests.CreatePostTests" name="createNewPost" time="0.879"/>
  <testcase classname="PostTests.CreatePostTests" name="CreatePostWithEmptyBody" time="1.002"/>
  <testcase classname="PostTests.CreatePostTests" name="CreatePostWithDoesNotExistedUser" time="2.117"/>
  <testcase classname="PostTests.DeletePostTest" name="deletePost" time="0.789"/>
  <testcase classname="PostTests.DeletePostTest" name="delete_Post_with_invalid_ID" time="0.938"/>
  <testcase classname="PostTests.GetPostsTest" name="ValidateKeysInPosts" time="1.011"/>
  <testcase classname="PostTests.GetPostsTest" name="getSinglePostUsingId" time="0.932"/>
  <testcase classname="PostTests.GetPostsTest" name="getPostUsingTitle" time="0.744"/>
  <testcase classname="PostTests.GetPostsTest" name="getPostsOfSpecificUser" time="0.62"/>
  <testcase classname="UserTest.CreateUserTest" name="createUser" time="1.002">
    <failure type="java.lang.AssertionError" message="1 expectation failed.
Expected status code &amp;lt;201&amp;gt; but was &amp;lt;422&amp;gt;.
">
      <![CDATA[java.lang.AssertionError: 1 expectation failed.
Expected status code <201> but was <422>.

at org.codehaus.groovy.runtime.callsite.ConstructorSite$ConstructorSiteNoUnwrapNoCoerce.callConstructor(ConstructorSite.java:108)
at org.codehaus.groovy.runtime.callsite.CallSiteArray.defaultCallConstructor(CallSiteArray.java:57)
at org.codehaus.groovy.runtime.callsite.AbstractCallSite.callConstructor(AbstractCallSite.java:263)
at org.codehaus.groovy.runtime.callsite.AbstractCallSite.callConstructor(AbstractCallSite.java:277)
at io.restassured.internal.ResponseSpecificationImpl$HamcrestAssertionClosure.validate(ResponseSpecificationImpl.groovy:512)
at io.restassured.internal.ResponseSpecificationImpl$HamcrestAssertionClosure$validate$1.call(Unknown Source)
at io.restassured.internal.ResponseSpecificationImpl.validateResponseIfRequired(ResponseSpecificationImpl.groovy:696)
at io.restassured.internal.ResponseSpecificationImpl.this$2$validateResponseIfRequired(ResponseSpecificationImpl.groovy)
at org.codehaus.groovy.runtime.callsite.PlainObjectMetaMethodSite.doInvoke(PlainObjectMetaMethodSite.java:43)
at org.codehaus.groovy.runtime.callsite.PogoMetaMethodSite$PogoCachedMethodSiteNoUnwrapNoCoerce.invoke(PogoMetaMethodSite.java:198)
at org.codehaus.groovy.runtime.callsite.PogoMetaMethodSite.callCurrent(PogoMetaMethodSite.java:62)
at org.codehaus.groovy.runtime.callsite.AbstractCallSite.callCurrent(AbstractCallSite.java:185)
at io.restassured.internal.ResponseSpecificationImpl.statusCode(ResponseSpecificationImpl.groovy:135)
at io.restassured.specification.ResponseSpecification$statusCode$0.callCurrent(Unknown Source)
at io.restassured.internal.ResponseSpecificationImpl.statusCode(ResponseSpecificationImpl.groovy:143)
at io.restassured.internal.ValidatableResponseOptionsImpl.statusCode(ValidatableResponseOptionsImpl.java:89)
at Requests.UserRequest.CreateUser(UserRequest.java:22)
at UserTest.CreateUserTest.createUser(CreateUserTest.java:31)
at java.base/java.util.ArrayList.forEach(ArrayList.java:1511)
... Removed 36 stack frames]]>
    </failure>
  </testcase> <!-- createUser -->
  <testcase classname="UserTest.CreateUserTest" name="createUserWithExistedEmail" time="0.695"/>
  <testcase classname="UserTest.CreateUserTest" name="createUserWithEmptyData" time="0.593"/>
  <testcase classname="UserTest.CreateUserTest" name="createUserWithoutAuth" time="0.567"/>
  <testcase classname="UserTest.GetUserTests" name="getSingleUserUsingGender" time="0.0">
    <skipped/>
  </testcase> <!-- getSingleUserUsingGender -->
  <testcase classname="UserTest.GetUserTests" name="getSingleUserUsingId" time="0.0">
    <skipped/>
  </testcase> <!-- getSingleUserUsingId -->
  <testcase classname="UserTest.GetUserTests" name="getSingleUserUsingName" time="0.0">
    <skipped/>
  </testcase> <!-- getSingleUserUsingName -->
  <testcase classname="UserTest.GetUserTests" name="getSingleUserUsingStatus" time="0.0">
    <skipped/>
  </testcase> <!-- getSingleUserUsingStatus -->
</testsuite> <!-- Surefire test -->
